  App.cpp
c:\users\argylestallion\desktop\cse 165\mini project 3\glutapptemplate\glutapptemplate\vec.h(22): warning C4244: '=': conversion from 'double' to 'float', possible loss of data
c:\users\argylestallion\desktop\cse 165\mini project 3\glutapptemplate\glutapptemplate\vec.h(23): warning C4244: '=': conversion from 'double' to 'float', possible loss of data
c:\users\argylestallion\desktop\cse 165\mini project 3\glutapptemplate\glutapptemplate\vec.h(28): warning C4244: '=': conversion from 'double' to 'float', possible loss of data
c:\users\argylestallion\desktop\cse 165\mini project 3\glutapptemplate\glutapptemplate\vec.h(29): warning C4244: '=': conversion from 'double' to 'float', possible loss of data
c:\users\argylestallion\desktop\cse 165\mini project 3\glutapptemplate\glutapptemplate\vec.h(30): warning C4244: '=': conversion from 'double' to 'float', possible loss of data
c:\users\argylestallion\desktop\cse 165\mini project 3\glutapptemplate\glutapptemplate\tacky.h(34): warning C4305: 'argument': truncation from 'double' to 'float'
c:\users\argylestallion\desktop\cse 165\mini project 3\glutapptemplate\glutapptemplate\tacky.h(36): warning C4018: '<': signed/unsigned mismatch
c:\users\argylestallion\desktop\cse 165\mini project 3\glutapptemplate\glutapptemplate\tacky.h(47): warning C4305: 'initializing': truncation from 'double' to 'float'
c:\users\argylestallion\desktop\cse 165\mini project 3\glutapptemplate\glutapptemplate\app.cpp(25): warning C4305: 'argument': truncation from 'double' to 'float'
c:\users\argylestallion\desktop\cse 165\mini project 3\glutapptemplate\glutapptemplate\app.cpp(26): warning C4305: 'argument': truncation from 'double' to 'float'
c:\users\argylestallion\desktop\cse 165\mini project 3\glutapptemplate\glutapptemplate\app.cpp(27): warning C4305: 'argument': truncation from 'double' to 'float'
c:\users\argylestallion\desktop\cse 165\mini project 3\glutapptemplate\glutapptemplate\app.cpp(29): warning C4305: 'argument': truncation from 'double' to 'float'
c:\users\argylestallion\desktop\cse 165\mini project 3\glutapptemplate\glutapptemplate\app.cpp(30): warning C4305: 'argument': truncation from 'double' to 'float'
c:\users\argylestallion\desktop\cse 165\mini project 3\glutapptemplate\glutapptemplate\app.cpp(31): warning C4305: 'argument': truncation from 'double' to 'float'
c:\users\argylestallion\desktop\cse 165\mini project 3\glutapptemplate\glutapptemplate\app.cpp(33): warning C4305: 'argument': truncation from 'double' to 'float'
c:\users\argylestallion\desktop\cse 165\mini project 3\glutapptemplate\glutapptemplate\app.cpp(34): warning C4305: 'argument': truncation from 'double' to 'float'
c:\users\argylestallion\desktop\cse 165\mini project 3\glutapptemplate\glutapptemplate\app.cpp(35): warning C4305: 'argument': truncation from 'double' to 'float'
c:\users\argylestallion\desktop\cse 165\mini project 3\glutapptemplate\glutapptemplate\app.cpp(148): warning C4305: 'argument': truncation from 'double' to 'float'
c:\users\argylestallion\desktop\cse 165\mini project 3\glutapptemplate\glutapptemplate\app.cpp(149): warning C4305: 'argument': truncation from 'double' to 'float'
c:\users\argylestallion\desktop\cse 165\mini project 3\glutapptemplate\glutapptemplate\app.cpp(151): warning C4305: 'argument': truncation from 'double' to 'float'
c:\users\argylestallion\desktop\cse 165\mini project 3\glutapptemplate\glutapptemplate\app.cpp(152): warning C4305: 'argument': truncation from 'double' to 'float'
c:\users\argylestallion\desktop\cse 165\mini project 3\glutapptemplate\glutapptemplate\app.cpp(219): warning C4018: '<': signed/unsigned mismatch
App.obj : warning LNK4075: ignoring '/EDITANDCONTINUE' due to '/SAFESEH' specification
  glutapp.vcxproj -> C:\Users\ArgyleStallion\Desktop\CSE 165\Mini Project 3\GlutAppTemplate\GlutAppTemplate\visualc15\obj\glutapp_Debug\glutapp.exe
